app/build/intermediates/manifest_merge_blame_file/release/manifest-merger-blame-release-report.txt
1<?xml version="1.0" encoding="utf-8"?>
2<manifest xmlns:android="http://schemas.android.com/apk/res/android"
3    package="com.narayan.tiktaktok"
4    android:versionCode="1"
5    android:versionName="1.0" >
6
7    <uses-sdk
8        android:minSdkVersion="21"
8-->src/main/AndroidManifest.xml
9        android:targetSdkVersion="32" />
9-->src/main/AndroidManifest.xml
10
11    <application
11-->src/main/AndroidManifest.xml:5:5-21:19
12        android:allowBackup="true"
12-->src/main/AndroidManifest.xml:6:9-35
13        android:appComponentFactory="androidx.core.app.CoreComponentFactory"
13-->[androidx.core:core:1.7.0] AndroidManifest.xml:24:18-86
14        android:icon="@mipmap/ic_launcher"
14-->src/main/AndroidManifest.xml:7:9-43
15        android:label="@string/app_name"
15-->src/main/AndroidManifest.xml:8:9-41
16        android:roundIcon="@mipmap/ic_launcher_round"
16-->src/main/AndroidManifest.xml:9:9-54
17        android:supportsRtl="true"
17-->src/main/AndroidManifest.xml:10:9-35
18        android:theme="@style/Theme.Application" >
18-->src/main/AndroidManifest.xml:11:9-49
19        <activity
19-->src/main/AndroidManifest.xml:12:9-20:20
20            android:name="com.narayan.tiktaktok.MainActivity"
20-->src/main/AndroidManifest.xml:13:13-41
21            android:exported="true" >
21-->src/main/AndroidManifest.xml:14:13-36
22            <intent-filter>
22-->src/main/AndroidManifest.xml:15:13-19:29
23                <action android:name="android.intent.action.MAIN" />
23-->src/main/AndroidManifest.xml:16:17-69
23-->src/main/AndroidManifest.xml:16:25-66
24
25                <category android:name="android.intent.category.LAUNCHER" />
25-->src/main/AndroidManifest.xml:18:17-77
25-->src/main/AndroidManifest.xml:18:27-74
26            </intent-filter>
27        </activity>
28
29        <provider
29-->[androidx.emoji2:emoji2:1.0.0] AndroidManifest.xml:26:9-34:20
30            android:name="androidx.startup.InitializationProvider"
30-->[androidx.emoji2:emoji2:1.0.0] AndroidManifest.xml:27:13-67
31            android:authorities="com.narayan.tiktaktok.androidx-startup"
31-->[androidx.emoji2:emoji2:1.0.0] AndroidManifest.xml:28:13-68
32            android:exported="false" >
32-->[androidx.emoji2:emoji2:1.0.0] AndroidManifest.xml:29:13-37
33            <meta-data
33-->[androidx.emoji2:emoji2:1.0.0] AndroidManifest.xml:31:13-33:52
34                android:name="androidx.emoji2.text.EmojiCompatInitializer"
34-->[androidx.emoji2:emoji2:1.0.0] AndroidManifest.xml:32:17-75
35                android:value="androidx.startup" />
35-->[androidx.emoji2:emoji2:1.0.0] AndroidManifest.xml:33:17-49
36            <meta-data
36-->[androidx.lifecycle:lifecycle-process:2.4.0] AndroidManifest.xml:31:13-33:52
37                android:name="androidx.lifecycle.ProcessLifecycleInitializer"
37-->[androidx.lifecycle:lifecycle-process:2.4.0] AndroidManifest.xml:32:17-78
38                android:value="androidx.startup" />
38-->[androidx.lifecycle:lifecycle-process:2.4.0] AndroidManifest.xml:33:17-49
39        </provider>
40    </application>
41
42</manifest>